<?xml version="1.0" encoding="UTF-8"?>
<!-- Generated by org.testng.reporters.JUnitReportReporter -->
<testsuite hostname="DESKTOP-9GP1NII" failures="0" tests="1" name="Test" time="15.091" errors="0" timestamp="15 Jan 2019 19:49:18 GMT" skipped="0">
  <testcase classname="Test" name="testmethodone" time="15.091"/>
</testsuite> <!-- Test -->
