<?xml version="1.0" encoding="UTF-8"?>
<!-- Generated by org.testng.reporters.JUnitReportReporter -->
<testsuite hostname="DESKTOP-9GP1NII" failures="0" tests="1" name="WebPackage.Test" time="53.686" errors="0" timestamp="15 Jan 2019 21:34:27 GMT" skipped="0">
  <testcase classname="WebPackage.Test" name="testmethodone" time="53.686"/>
</testsuite> <!-- WebPackage.Test -->
